  Entity.cpp
C:\Users\Usuario\Desktop\EntregaMotores\engine-library\code\headers\GraphicsComponent.hpp(16,32): error C2039: "string": no es un miembro de "std"
C:\Users\Usuario\Desktop\EntregaMotores\engine-library\projects\vs-2017\predefined C++ types (compiler internal)(375): message : vea la declaración de 'std'
C:\Users\Usuario\Desktop\EntregaMotores\engine-library\code\headers\GraphicsComponent.hpp(16,100): error C4430: falta el especificador de tipo; se presupone int. Nota: C++ no admite default-int
C:\Users\Usuario\Desktop\EntregaMotores\engine-library\code\headers\GraphicsComponent.hpp(16,38): error C2143: error de sintaxis: falta ',' delante de '&'
C:\Users\Usuario\Desktop\EntregaMotores\engine-library\code\headers\Level.hpp(32,13): error C2143: error de sintaxis: falta ';' delante de '<'
C:\Users\Usuario\Desktop\EntregaMotores\engine-library\code\headers\Level.hpp(32,13): error C4430: falta el especificador de tipo; se presupone int. Nota: C++ no admite default-int
C:\Users\Usuario\Desktop\EntregaMotores\engine-library\code\headers\Level.hpp(32,34): error C2238: símbolos (token) inesperados delante de ';'
C:\Users\Usuario\Desktop\EntregaMotores\engine-library\code\headers\Level.hpp(36,9): error C2143: error de sintaxis: falta ';' delante de '<'
C:\Users\Usuario\Desktop\EntregaMotores\engine-library\code\headers\Level.hpp(36,9): error C4430: falta el especificador de tipo; se presupone int. Nota: C++ no admite default-int
C:\Users\Usuario\Desktop\EntregaMotores\engine-library\code\headers\Level.hpp(36,32): error C2238: símbolos (token) inesperados delante de ';'
C:\Users\Usuario\Desktop\EntregaMotores\engine-library\code\headers\Level.hpp(45,23): error C2039: "string": no es un miembro de "std"
C:\Users\Usuario\Desktop\EntregaMotores\engine-library\projects\vs-2017\predefined C++ types (compiler internal)(375): message : vea la declaración de 'std'
C:\Users\Usuario\Desktop\EntregaMotores\engine-library\code\headers\Level.hpp(45,29): error C4430: falta el especificador de tipo; se presupone int. Nota: C++ no admite default-int
C:\Users\Usuario\Desktop\EntregaMotores\engine-library\code\headers\Level.hpp(45,29): error C2143: error de sintaxis: falta ',' delante de '&'
C:\Users\Usuario\Desktop\EntregaMotores\engine-library\code\headers\Level.hpp(46,30): error C2039: "string": no es un miembro de "std"
C:\Users\Usuario\Desktop\EntregaMotores\engine-library\projects\vs-2017\predefined C++ types (compiler internal)(375): message : vea la declaración de 'std'
C:\Users\Usuario\Desktop\EntregaMotores\engine-library\code\headers\Level.hpp(46,36): error C4430: falta el especificador de tipo; se presupone int. Nota: C++ no admite default-int
C:\Users\Usuario\Desktop\EntregaMotores\engine-library\code\headers\Level.hpp(46,36): error C2143: error de sintaxis: falta ',' delante de '&'
C:\Users\Usuario\Desktop\EntregaMotores\engine-library\code\headers\Entity.hpp(16,21): error C2039: "string": no es un miembro de "std"
C:\Users\Usuario\Desktop\EntregaMotores\engine-library\projects\vs-2017\predefined C++ types (compiler internal)(375): message : vea la declaración de 'std'
C:\Users\Usuario\Desktop\EntregaMotores\engine-library\code\headers\Entity.hpp(16,88): error C4430: falta el especificador de tipo; se presupone int. Nota: C++ no admite default-int
C:\Users\Usuario\Desktop\EntregaMotores\engine-library\code\headers\Entity.hpp(16,27): error C2143: error de sintaxis: falta ',' delante de '&'
C:\Users\Usuario\Desktop\EntregaMotores\engine-library\code\headers\Entity.cpp(6,2): error C2511: 'engine::Entity::Entity(const std::string &,engine::Level &,const std::string &)': la función miembro sobrecargada no se ha encontrado en 'engine::Entity'
C:\Users\Usuario\Desktop\EntregaMotores\engine-library\code\headers\Entity.hpp(8): message : vea la declaración de 'engine::Entity'
C:\Users\Usuario\Desktop\EntregaMotores\engine-library\code\headers\Entity.cpp(7,3): error C2597: referencia no válida a miembro no static 'engine::Entity::level'
C:\Users\Usuario\Desktop\EntregaMotores\engine-library\code\headers\Entity.cpp(8,63): error C2661: 'engine::GraphicsComponent::GraphicsComponent': ninguna función sobrecargada acepta 3 argumentos
C:\Users\Usuario\Desktop\EntregaMotores\engine-library\code\headers\Entity.cpp(10,23): error C2039: "levelEntities": no es un miembro de "engine::Level"
C:\Users\Usuario\Desktop\EntregaMotores\engine-library\code\headers\Level.hpp(28): message : vea la declaración de 'engine::Level'
C:\Users\Usuario\Desktop\EntregaMotores\engine-library\code\headers\Entity.cpp(10,34): error C2671: 'engine::Entity::{ctor}': las funciones miembro static no tienen punteros 'this'
  GraphicsComponent.cpp
C:\Users\Usuario\Desktop\EntregaMotores\engine-library\code\headers\GraphicsComponent.hpp(16,32): error C2039: "string": no es un miembro de "std"
C:\Users\Usuario\Desktop\EntregaMotores\engine-library\projects\vs-2017\predefined C++ types (compiler internal)(375): message : vea la declaración de 'std'
C:\Users\Usuario\Desktop\EntregaMotores\engine-library\code\headers\GraphicsComponent.hpp(16,100): error C4430: falta el especificador de tipo; se presupone int. Nota: C++ no admite default-int
C:\Users\Usuario\Desktop\EntregaMotores\engine-library\code\headers\GraphicsComponent.hpp(16,38): error C2143: error de sintaxis: falta ',' delante de '&'
C:\Users\Usuario\Desktop\EntregaMotores\engine-library\code\headers\Level.hpp(32,13): error C2143: error de sintaxis: falta ';' delante de '<'
C:\Users\Usuario\Desktop\EntregaMotores\engine-library\code\headers\Level.hpp(32,27): error C4430: falta el especificador de tipo; se presupone int. Nota: C++ no admite default-int
C:\Users\Usuario\Desktop\EntregaMotores\engine-library\code\headers\Level.hpp(32,34): error C2238: símbolos (token) inesperados delante de ';'
C:\Users\Usuario\Desktop\EntregaMotores\engine-library\code\headers\Level.hpp(36,9): error C2143: error de sintaxis: falta ';' delante de '<'
C:\Users\Usuario\Desktop\EntregaMotores\engine-library\code\headers\Level.hpp(36,17): error C4430: falta el especificador de tipo; se presupone int. Nota: C++ no admite default-int
C:\Users\Usuario\Desktop\EntregaMotores\engine-library\code\headers\Level.hpp(36,32): error C2238: símbolos (token) inesperados delante de ';'
C:\Users\Usuario\Desktop\EntregaMotores\engine-library\code\headers\GraphicsComponent.cpp(12,2): error C2511: 'engine::GraphicsComponent::GraphicsComponent(const std::string &,engine::Level &,const std::string &)': la función miembro sobrecargada no se ha encontrado en 'engine::GraphicsComponent'
C:\Users\Usuario\Desktop\EntregaMotores\engine-library\code\headers\GraphicsComponent.hpp(10): message : vea la declaración de 'engine::GraphicsComponent'
C:\Users\Usuario\Desktop\EntregaMotores\engine-library\code\headers\GraphicsComponent.cpp(14,9): error C2819: el tipo 'engine::Level' no tiene un miembro sobrecargado 'operator ->'
C:\Users\Usuario\Desktop\EntregaMotores\engine-library\code\headers\Level.hpp(28): message : vea la declaración de 'engine::Level'
C:\Users\Usuario\Desktop\EntregaMotores\engine-library\code\headers\GraphicsComponent.cpp(14,9): message : ¿deseaba utilizar '.' en su lugar?
C:\Users\Usuario\Desktop\EntregaMotores\engine-library\code\headers\GraphicsComponent.cpp(14,14): error C2232: '->engine::Level::Add': el operando izquierdo tiene el tipo 'class'; utilice '.'
C:\Users\Usuario\Desktop\EntregaMotores\engine-library\code\headers\GraphicsComponent.cpp(15,3): error C2597: referencia no válida a miembro no static 'engine::GraphicsComponent::model'
  Level.cpp
C:\Users\Usuario\Desktop\EntregaMotores\engine-library\code\headers\Level.hpp(32,13): error C2143: error de sintaxis: falta ';' delante de '<'
C:\Users\Usuario\Desktop\EntregaMotores\engine-library\code\headers\Level.hpp(32,27): error C4430: falta el especificador de tipo; se presupone int. Nota: C++ no admite default-int
C:\Users\Usuario\Desktop\EntregaMotores\engine-library\code\headers\Level.hpp(32,34): error C2238: símbolos (token) inesperados delante de ';'
C:\Users\Usuario\Desktop\EntregaMotores\engine-library\code\headers\Level.hpp(36,9): error C2143: error de sintaxis: falta ';' delante de '<'
C:\Users\Usuario\Desktop\EntregaMotores\engine-library\code\headers\Level.hpp(36,17): error C4430: falta el especificador de tipo; se presupone int. Nota: C++ no admite default-int
C:\Users\Usuario\Desktop\EntregaMotores\engine-library\code\headers\Level.hpp(36,32): error C2238: símbolos (token) inesperados delante de ';'
C:\Users\Usuario\Desktop\EntregaMotores\engine-library\code\headers\Level.hpp(45,54): error C2065: 'Node': identificador no declarado
C:\Users\Usuario\Desktop\EntregaMotores\engine-library\code\headers\Level.hpp(45,42): error C2923: 'std::shared_ptr': 'Node' no es un argumento de tipo de plantilla válido para el parámetro '_Ty'
C:\Users\Usuario\Desktop\EntregaMotores\engine-library\code\headers\Level.hpp(46,7): error C2143: error de sintaxis: falta ';' delante de '*'
C:\Users\Usuario\Desktop\EntregaMotores\engine-library\code\headers\Level.hpp(46,7): error C4430: falta el especificador de tipo; se presupone int. Nota: C++ no admite default-int
C:\Users\Usuario\Desktop\EntregaMotores\engine-library\code\headers\Level.hpp(46,43): error C2238: símbolos (token) inesperados delante de ';'
C:\Users\Usuario\Desktop\EntregaMotores\engine-library\code\sources\Level.cpp(46,3): error C2065: 'scene': identificador no declarado
C:\Users\Usuario\Desktop\EntregaMotores\engine-library\code\sources\Level.cpp(48,5): error C2065: 'scene': identificador no declarado
C:\Users\Usuario\Desktop\EntregaMotores\engine-library\code\sources\Level.cpp(57,3): error C2065: 'scene': identificador no declarado
C:\Users\Usuario\Desktop\EntregaMotores\engine-library\code\sources\Level.cpp(63,2): error C2511: 'void engine::Level::Add(const std::string &,std::shared_ptr<glt::Node>)': la función miembro sobrecargada no se ha encontrado en 'engine::Level'
C:\Users\Usuario\Desktop\EntregaMotores\engine-library\code\headers\Level.hpp(28): message : vea la declaración de 'engine::Level'
C:\Users\Usuario\Desktop\EntregaMotores\engine-library\code\sources\Level.cpp(64,3): error C2065: 'scene': identificador no declarado
C:\Users\Usuario\Desktop\EntregaMotores\engine-library\code\sources\Level.cpp(67,15): error C2039: "GetEntity": no es un miembro de "engine::Level"
C:\Users\Usuario\Desktop\EntregaMotores\engine-library\code\headers\Level.hpp(28): message : vea la declaración de 'engine::Level'
C:\Users\Usuario\Desktop\EntregaMotores\engine-library\code\sources\Level.cpp(69,10): error C2065: 'scene': identificador no declarado
C:\Users\Usuario\Desktop\EntregaMotores\engine-library\code\sources\Level.cpp(74,3): error C2065: 'scene': identificador no declarado
